<?xml version="1.0" encoding="UTF-8"?>
<!-- Generated by org.testng.reporters.JUnitReportReporter -->
<testsuite hostname="mubaraklpt_idc" failures="0" tests="1" name="TestNGFramework.TestNg" time="10.036" errors="0" timestamp="2025-04-25T12:32:54 IST" skipped="0">
  <testcase classname="TestNGFramework.TestNg" name="createLead" time="10.036"/>
</testsuite> <!-- TestNGFramework.TestNg -->
