<?xml version="1.0" encoding="UTF-8"?>
<!-- Generated by org.testng.reporters.JUnitReportReporter -->
<testsuite hostname="mubaraklpt_idc" failures="0" tests="502" name="Week4day2.LearnAttributes" time="0.782" errors="0" timestamp="2025-04-25T16:39:20 IST" skipped="1">
  <testcase classname="Week4day2.LearnAttributes" name="editLead" time="0.001"/>
  <testcase classname="Week4day2.LearnAttributes" name="editLead" time="0.001"/>
  <testcase classname="Week4day2.LearnAttributes" name="editLead" time="0.002"/>
  <testcase classname="Week4day2.LearnAttributes" name="editLead" time="0.002"/>
  <testcase classname="Week4day2.LearnAttributes" name="editLead" time="0.001"/>
  <testcase classname="Week4day2.LearnAttributes" name="editLead" time="0.000"/>
  <testcase classname="Week4day2.LearnAttributes" name="editLead" time="0.001"/>
  <testcase classname="Week4day2.LearnAttributes" name="editLead" time="0.001"/>
  <testcase classname="Week4day2.LearnAttributes" name="editLead" time="0.001"/>
  <testcase classname="Week4day2.LearnAttributes" name="editLead" time="0.001"/>
  <testcase classname="Week4day2.LearnAttributes" name="editLead" time="0.001"/>
  <testcase classname="Week4day2.LearnAttributes" name="editLead" time="0.002"/>
  <testcase classname="Week4day2.LearnAttributes" name="editLead" time="0.000"/>
  <testcase classname="Week4day2.LearnAttributes" name="editLead" time="0.001"/>
  <testcase classname="Week4day2.LearnAttributes" name="editLead" time="0.001"/>
  <testcase classname="Week4day2.LearnAttributes" name="editLead" time="0.001"/>
  <testcase classname="Week4day2.LearnAttributes" name="editLead" time="0.003"/>
  <testcase classname="Week4day2.LearnAttributes" name="editLead" time="0.001"/>
  <testcase classname="Week4day2.LearnAttributes" name="editLead" time="0.001"/>
  <testcase classname="Week4day2.LearnAttributes" name="editLead" time="0.000"/>
  <testcase classname="Week4day2.LearnAttributes" name="editLead" time="0.003"/>
  <testcase classname="Week4day2.LearnAttributes" name="editLead" time="0.002"/>
  <testcase classname="Week4day2.LearnAttributes" name="editLead" time="0.002"/>
  <testcase classname="Week4day2.LearnAttributes" name="editLead" time="0.002"/>
  <testcase classname="Week4day2.LearnAttributes" name="editLead" time="0.001"/>
  <testcase classname="Week4day2.LearnAttributes" name="editLead" time="0.002"/>
  <testcase classname="Week4day2.LearnAttributes" name="editLead" time="0.001"/>
  <testcase classname="Week4day2.LearnAttributes" name="editLead" time="0.001"/>
  <testcase classname="Week4day2.LearnAttributes" name="editLead" time="0.001"/>
  <testcase classname="Week4day2.LearnAttributes" name="editLead" time="0.001"/>
  <testcase classname="Week4day2.LearnAttributes" name="editLead" time="0.001"/>
  <testcase classname="Week4day2.LearnAttributes" name="editLead" time="0.001"/>
  <testcase classname="Week4day2.LearnAttributes" name="editLead" time="0.001"/>
  <testcase classname="Week4day2.LearnAttributes" name="editLead" time="0.001"/>
  <testcase classname="Week4day2.LearnAttributes" name="editLead" time="0.000"/>
  <testcase classname="Week4day2.LearnAttributes" name="editLead" time="0.001"/>
  <testcase classname="Week4day2.LearnAttributes" name="editLead" time="0.003"/>
  <testcase classname="Week4day2.LearnAttributes" name="editLead" time="0.001"/>
  <testcase classname="Week4day2.LearnAttributes" name="editLead" time="0.002"/>
  <testcase classname="Week4day2.LearnAttributes" name="editLead" time="0.001"/>
  <testcase classname="Week4day2.LearnAttributes" name="editLead" time="0.002"/>
  <testcase classname="Week4day2.LearnAttributes" name="editLead" time="0.000"/>
  <testcase classname="Week4day2.LearnAttributes" name="editLead" time="0.003"/>
  <testcase classname="Week4day2.LearnAttributes" name="editLead" time="0.001"/>
  <testcase classname="Week4day2.LearnAttributes" name="editLead" time="0.001"/>
  <testcase classname="Week4day2.LearnAttributes" name="editLead" time="0.001"/>
  <testcase classname="Week4day2.LearnAttributes" name="editLead" time="0.002"/>
  <testcase classname="Week4day2.LearnAttributes" name="editLead" time="0.001"/>
  <testcase classname="Week4day2.LearnAttributes" name="editLead" time="0.001"/>
  <testcase classname="Week4day2.LearnAttributes" name="editLead" time="0.001"/>
  <testcase classname="Week4day2.LearnAttributes" name="editLead" time="0.002"/>
  <testcase classname="Week4day2.LearnAttributes" name="editLead" time="0.002"/>
  <testcase classname="Week4day2.LearnAttributes" name="editLead" time="0.001"/>
  <testcase classname="Week4day2.LearnAttributes" name="editLead" time="0.001"/>
  <testcase classname="Week4day2.LearnAttributes" name="editLead" time="0.001"/>
  <testcase classname="Week4day2.LearnAttributes" name="editLead" time="0.001"/>
  <testcase classname="Week4day2.LearnAttributes" name="editLead" time="0.001"/>
  <testcase classname="Week4day2.LearnAttributes" name="editLead" time="0.001"/>
  <testcase classname="Week4day2.LearnAttributes" name="editLead" time="0.002"/>
  <testcase classname="Week4day2.LearnAttributes" name="editLead" time="0.001"/>
  <testcase classname="Week4day2.LearnAttributes" name="editLead" time="0.001"/>
  <testcase classname="Week4day2.LearnAttributes" name="editLead" time="0.001"/>
  <testcase classname="Week4day2.LearnAttributes" name="editLead" time="0.002"/>
  <testcase classname="Week4day2.LearnAttributes" name="editLead" time="0.001"/>
  <testcase classname="Week4day2.LearnAttributes" name="editLead" time="0.001"/>
  <testcase classname="Week4day2.LearnAttributes" name="editLead" time="0.000"/>
  <testcase classname="Week4day2.LearnAttributes" name="editLead" time="0.000"/>
  <testcase classname="Week4day2.LearnAttributes" name="editLead" time="0.002"/>
  <testcase classname="Week4day2.LearnAttributes" name="editLead" time="0.000"/>
  <testcase classname="Week4day2.LearnAttributes" name="editLead" time="0.002"/>
  <testcase classname="Week4day2.LearnAttributes" name="editLead" time="0.002"/>
  <testcase classname="Week4day2.LearnAttributes" name="editLead" time="0.001"/>
  <testcase classname="Week4day2.LearnAttributes" name="editLead" time="0.002"/>
  <testcase classname="Week4day2.LearnAttributes" name="editLead" time="0.001"/>
  <testcase classname="Week4day2.LearnAttributes" name="editLead" time="0.001"/>
  <testcase classname="Week4day2.LearnAttributes" name="editLead" time="0.001"/>
  <testcase classname="Week4day2.LearnAttributes" name="editLead" time="0.001"/>
  <testcase classname="Week4day2.LearnAttributes" name="editLead" time="0.003"/>
  <testcase classname="Week4day2.LearnAttributes" name="editLead" time="0.001"/>
  <testcase classname="Week4day2.LearnAttributes" name="editLead" time="0.001"/>
  <testcase classname="Week4day2.LearnAttributes" name="editLead" time="0.000"/>
  <testcase classname="Week4day2.LearnAttributes" name="editLead" time="0.001"/>
  <testcase classname="Week4day2.LearnAttributes" name="editLead" time="0.001"/>
  <testcase classname="Week4day2.LearnAttributes" name="editLead" time="0.001"/>
  <testcase classname="Week4day2.LearnAttributes" name="editLead" time="0.001"/>
  <testcase classname="Week4day2.LearnAttributes" name="editLead" time="0.004"/>
  <testcase classname="Week4day2.LearnAttributes" name="editLead" time="0.006"/>
  <testcase classname="Week4day2.LearnAttributes" name="editLead" time="0.001"/>
  <testcase classname="Week4day2.LearnAttributes" name="editLead" time="0.001"/>
  <testcase classname="Week4day2.LearnAttributes" name="editLead" time="0.001"/>
  <testcase classname="Week4day2.LearnAttributes" name="editLead" time="0.000"/>
  <testcase classname="Week4day2.LearnAttributes" name="editLead" time="0.001"/>
  <testcase classname="Week4day2.LearnAttributes" name="editLead" time="0.002"/>
  <testcase classname="Week4day2.LearnAttributes" name="editLead" time="0.001"/>
  <testcase classname="Week4day2.LearnAttributes" name="editLead" time="0.002"/>
  <testcase classname="Week4day2.LearnAttributes" name="editLead" time="0.000"/>
  <testcase classname="Week4day2.LearnAttributes" name="editLead" time="0.001"/>
  <testcase classname="Week4day2.LearnAttributes" name="editLead" time="0.000"/>
  <testcase classname="Week4day2.LearnAttributes" name="editLead" time="0.000"/>
  <testcase classname="Week4day2.LearnAttributes" name="editLead" time="0.008"/>
  <testcase classname="Week4day2.LearnAttributes" name="editLead" time="0.002"/>
  <testcase classname="Week4day2.LearnAttributes" name="editLead" time="0.000"/>
  <testcase classname="Week4day2.LearnAttributes" name="editLead" time="0.000"/>
  <testcase classname="Week4day2.LearnAttributes" name="editLead" time="0.001"/>
  <testcase classname="Week4day2.LearnAttributes" name="editLead" time="0.001"/>
  <testcase classname="Week4day2.LearnAttributes" name="editLead" time="0.000"/>
  <testcase classname="Week4day2.LearnAttributes" name="editLead" time="0.001"/>
  <testcase classname="Week4day2.LearnAttributes" name="editLead" time="0.000"/>
  <testcase classname="Week4day2.LearnAttributes" name="editLead" time="0.001"/>
  <testcase classname="Week4day2.LearnAttributes" name="editLead" time="0.002"/>
  <testcase classname="Week4day2.LearnAttributes" name="editLead" time="0.001"/>
  <testcase classname="Week4day2.LearnAttributes" name="editLead" time="0.002"/>
  <testcase classname="Week4day2.LearnAttributes" name="editLead" time="0.000"/>
  <testcase classname="Week4day2.LearnAttributes" name="editLead" time="0.001"/>
  <testcase classname="Week4day2.LearnAttributes" name="editLead" time="0.003"/>
  <testcase classname="Week4day2.LearnAttributes" name="editLead" time="0.001"/>
  <testcase classname="Week4day2.LearnAttributes" name="editLead" time="0.004"/>
  <testcase classname="Week4day2.LearnAttributes" name="editLead" time="0.001"/>
  <testcase classname="Week4day2.LearnAttributes" name="editLead" time="0.001"/>
  <testcase classname="Week4day2.LearnAttributes" name="editLead" time="0.001"/>
  <testcase classname="Week4day2.LearnAttributes" name="editLead" time="0.002"/>
  <testcase classname="Week4day2.LearnAttributes" name="editLead" time="0.002"/>
  <testcase classname="Week4day2.LearnAttributes" name="editLead" time="0.001"/>
  <testcase classname="Week4day2.LearnAttributes" name="editLead" time="0.001"/>
  <testcase classname="Week4day2.LearnAttributes" name="editLead" time="0.001"/>
  <testcase classname="Week4day2.LearnAttributes" name="editLead" time="0.002"/>
  <testcase classname="Week4day2.LearnAttributes" name="editLead" time="0.001"/>
  <testcase classname="Week4day2.LearnAttributes" name="editLead" time="0.000"/>
  <testcase classname="Week4day2.LearnAttributes" name="editLead" time="0.002"/>
  <testcase classname="Week4day2.LearnAttributes" name="editLead" time="0.004"/>
  <testcase classname="Week4day2.LearnAttributes" name="editLead" time="0.002"/>
  <testcase classname="Week4day2.LearnAttributes" name="editLead" time="0.002"/>
  <testcase classname="Week4day2.LearnAttributes" name="editLead" time="0.001"/>
  <testcase classname="Week4day2.LearnAttributes" name="editLead" time="0.002"/>
  <testcase classname="Week4day2.LearnAttributes" name="editLead" time="0.002"/>
  <testcase classname="Week4day2.LearnAttributes" name="editLead" time="0.001"/>
  <testcase classname="Week4day2.LearnAttributes" name="editLead" time="0.002"/>
  <testcase classname="Week4day2.LearnAttributes" name="editLead" time="0.002"/>
  <testcase classname="Week4day2.LearnAttributes" name="editLead" time="0.001"/>
  <testcase classname="Week4day2.LearnAttributes" name="editLead" time="0.001"/>
  <testcase classname="Week4day2.LearnAttributes" name="editLead" time="0.002"/>
  <testcase classname="Week4day2.LearnAttributes" name="editLead" time="0.002"/>
  <testcase classname="Week4day2.LearnAttributes" name="editLead" time="0.002"/>
  <testcase classname="Week4day2.LearnAttributes" name="editLead" time="0.001"/>
  <testcase classname="Week4day2.LearnAttributes" name="editLead" time="0.001"/>
  <testcase classname="Week4day2.LearnAttributes" name="editLead" time="0.006"/>
  <testcase classname="Week4day2.LearnAttributes" name="editLead" time="0.000"/>
  <testcase classname="Week4day2.LearnAttributes" name="editLead" time="0.001"/>
  <testcase classname="Week4day2.LearnAttributes" name="editLead" time="0.003"/>
  <testcase classname="Week4day2.LearnAttributes" name="editLead" time="0.001"/>
  <testcase classname="Week4day2.LearnAttributes" name="editLead" time="0.001"/>
  <testcase classname="Week4day2.LearnAttributes" name="editLead" time="0.003"/>
  <testcase classname="Week4day2.LearnAttributes" name="editLead" time="0.001"/>
  <testcase classname="Week4day2.LearnAttributes" name="editLead" time="0.003"/>
  <testcase classname="Week4day2.LearnAttributes" name="editLead" time="0.000"/>
  <testcase classname="Week4day2.LearnAttributes" name="editLead" time="0.002"/>
  <testcase classname="Week4day2.LearnAttributes" name="editLead" time="0.001"/>
  <testcase classname="Week4day2.LearnAttributes" name="editLead" time="0.001"/>
  <testcase classname="Week4day2.LearnAttributes" name="editLead" time="0.001"/>
  <testcase classname="Week4day2.LearnAttributes" name="editLead" time="0.002"/>
  <testcase classname="Week4day2.LearnAttributes" name="editLead" time="0.002"/>
  <testcase classname="Week4day2.LearnAttributes" name="editLead" time="0.001"/>
  <testcase classname="Week4day2.LearnAttributes" name="editLead" time="0.004"/>
  <testcase classname="Week4day2.LearnAttributes" name="editLead" time="0.001"/>
  <testcase classname="Week4day2.LearnAttributes" name="editLead" time="0.001"/>
  <testcase classname="Week4day2.LearnAttributes" name="editLead" time="0.004"/>
  <testcase classname="Week4day2.LearnAttributes" name="editLead" time="0.001"/>
  <testcase classname="Week4day2.LearnAttributes" name="editLead" time="0.002"/>
  <testcase classname="Week4day2.LearnAttributes" name="editLead" time="0.002"/>
  <testcase classname="Week4day2.LearnAttributes" name="editLead" time="0.002"/>
  <testcase classname="Week4day2.LearnAttributes" name="editLead" time="0.001"/>
  <testcase classname="Week4day2.LearnAttributes" name="editLead" time="0.000"/>
  <testcase classname="Week4day2.LearnAttributes" name="editLead" time="0.001"/>
  <testcase classname="Week4day2.LearnAttributes" name="editLead" time="0.000"/>
  <testcase classname="Week4day2.LearnAttributes" name="editLead" time="0.003"/>
  <testcase classname="Week4day2.LearnAttributes" name="editLead" time="0.000"/>
  <testcase classname="Week4day2.LearnAttributes" name="editLead" time="0.001"/>
  <testcase classname="Week4day2.LearnAttributes" name="editLead" time="0.002"/>
  <testcase classname="Week4day2.LearnAttributes" name="editLead" time="0.003"/>
  <testcase classname="Week4day2.LearnAttributes" name="editLead" time="0.001"/>
  <testcase classname="Week4day2.LearnAttributes" name="editLead" time="0.000"/>
  <testcase classname="Week4day2.LearnAttributes" name="editLead" time="0.002"/>
  <testcase classname="Week4day2.LearnAttributes" name="editLead" time="0.002"/>
  <testcase classname="Week4day2.LearnAttributes" name="editLead" time="0.003"/>
  <testcase classname="Week4day2.LearnAttributes" name="editLead" time="0.001"/>
  <testcase classname="Week4day2.LearnAttributes" name="editLead" time="0.001"/>
  <testcase classname="Week4day2.LearnAttributes" name="editLead" time="0.000"/>
  <testcase classname="Week4day2.LearnAttributes" name="editLead" time="0.006"/>
  <testcase classname="Week4day2.LearnAttributes" name="editLead" time="0.001"/>
  <testcase classname="Week4day2.LearnAttributes" name="editLead" time="0.001"/>
  <testcase classname="Week4day2.LearnAttributes" name="editLead" time="0.000"/>
  <testcase classname="Week4day2.LearnAttributes" name="editLead" time="0.001"/>
  <testcase classname="Week4day2.LearnAttributes" name="editLead" time="0.001"/>
  <testcase classname="Week4day2.LearnAttributes" name="editLead" time="0.002"/>
  <testcase classname="Week4day2.LearnAttributes" name="editLead" time="0.008"/>
  <testcase classname="Week4day2.LearnAttributes" name="editLead" time="0.001"/>
  <testcase classname="Week4day2.LearnAttributes" name="editLead" time="0.002"/>
  <testcase classname="Week4day2.LearnAttributes" name="editLead" time="0.002"/>
  <testcase classname="Week4day2.LearnAttributes" name="editLead" time="0.001"/>
  <testcase classname="Week4day2.LearnAttributes" name="editLead" time="0.002"/>
  <testcase classname="Week4day2.LearnAttributes" name="editLead" time="0.001"/>
  <testcase classname="Week4day2.LearnAttributes" name="editLead" time="0.001"/>
  <testcase classname="Week4day2.LearnAttributes" name="editLead" time="0.001"/>
  <testcase classname="Week4day2.LearnAttributes" name="editLead" time="0.001"/>
  <testcase classname="Week4day2.LearnAttributes" name="editLead" time="0.001"/>
  <testcase classname="Week4day2.LearnAttributes" name="editLead" time="0.002"/>
  <testcase classname="Week4day2.LearnAttributes" name="editLead" time="0.000"/>
  <testcase classname="Week4day2.LearnAttributes" name="editLead" time="0.001"/>
  <testcase classname="Week4day2.LearnAttributes" name="editLead" time="0.001"/>
  <testcase classname="Week4day2.LearnAttributes" name="editLead" time="0.002"/>
  <testcase classname="Week4day2.LearnAttributes" name="editLead" time="0.001"/>
  <testcase classname="Week4day2.LearnAttributes" name="editLead" time="0.004"/>
  <testcase classname="Week4day2.LearnAttributes" name="editLead" time="0.004"/>
  <testcase classname="Week4day2.LearnAttributes" name="editLead" time="0.001"/>
  <testcase classname="Week4day2.LearnAttributes" name="editLead" time="0.000"/>
  <testcase classname="Week4day2.LearnAttributes" name="editLead" time="0.003"/>
  <testcase classname="Week4day2.LearnAttributes" name="editLead" time="0.005"/>
  <testcase classname="Week4day2.LearnAttributes" name="editLead" time="0.000"/>
  <testcase classname="Week4day2.LearnAttributes" name="editLead" time="0.002"/>
  <testcase classname="Week4day2.LearnAttributes" name="editLead" time="0.001"/>
  <testcase classname="Week4day2.LearnAttributes" name="editLead" time="0.000"/>
  <testcase classname="Week4day2.LearnAttributes" name="editLead" time="0.000"/>
  <testcase classname="Week4day2.LearnAttributes" name="editLead" time="0.001"/>
  <testcase classname="Week4day2.LearnAttributes" name="editLead" time="0.001"/>
  <testcase classname="Week4day2.LearnAttributes" name="editLead" time="0.001"/>
  <testcase classname="Week4day2.LearnAttributes" name="editLead" time="0.001"/>
  <testcase classname="Week4day2.LearnAttributes" name="editLead" time="0.001"/>
  <testcase classname="Week4day2.LearnAttributes" name="editLead" time="0.001"/>
  <testcase classname="Week4day2.LearnAttributes" name="editLead" time="0.003"/>
  <testcase classname="Week4day2.LearnAttributes" name="editLead" time="0.001"/>
  <testcase classname="Week4day2.LearnAttributes" name="editLead" time="0.001"/>
  <testcase classname="Week4day2.LearnAttributes" name="editLead" time="0.001"/>
  <testcase classname="Week4day2.LearnAttributes" name="editLead" time="0.001"/>
  <testcase classname="Week4day2.LearnAttributes" name="editLead" time="0.002"/>
  <testcase classname="Week4day2.LearnAttributes" name="editLead" time="0.002"/>
  <testcase classname="Week4day2.LearnAttributes" name="editLead" time="0.001"/>
  <testcase classname="Week4day2.LearnAttributes" name="editLead" time="0.001"/>
  <testcase classname="Week4day2.LearnAttributes" name="editLead" time="0.002"/>
  <testcase classname="Week4day2.LearnAttributes" name="editLead" time="0.001"/>
  <testcase classname="Week4day2.LearnAttributes" name="editLead" time="0.001"/>
  <testcase classname="Week4day2.LearnAttributes" name="editLead" time="0.001"/>
  <testcase classname="Week4day2.LearnAttributes" name="editLead" time="0.001"/>
  <testcase classname="Week4day2.LearnAttributes" name="editLead" time="0.001"/>
  <testcase classname="Week4day2.LearnAttributes" name="editLead" time="0.000"/>
  <testcase classname="Week4day2.LearnAttributes" name="editLead" time="0.001"/>
  <testcase classname="Week4day2.LearnAttributes" name="editLead" time="0.001"/>
  <testcase classname="Week4day2.LearnAttributes" name="editLead" time="0.001"/>
  <testcase classname="Week4day2.LearnAttributes" name="editLead" time="0.002"/>
  <testcase classname="Week4day2.LearnAttributes" name="editLead" time="0.003"/>
  <testcase classname="Week4day2.LearnAttributes" name="editLead" time="0.001"/>
  <testcase classname="Week4day2.LearnAttributes" name="editLead" time="0.003"/>
  <testcase classname="Week4day2.LearnAttributes" name="editLead" time="0.001"/>
  <testcase classname="Week4day2.LearnAttributes" name="editLead" time="0.000"/>
  <testcase classname="Week4day2.LearnAttributes" name="editLead" time="0.001"/>
  <testcase classname="Week4day2.LearnAttributes" name="editLead" time="0.001"/>
  <testcase classname="Week4day2.LearnAttributes" name="editLead" time="0.002"/>
  <testcase classname="Week4day2.LearnAttributes" name="editLead" time="0.000"/>
  <testcase classname="Week4day2.LearnAttributes" name="editLead" time="0.001"/>
  <testcase classname="Week4day2.LearnAttributes" name="editLead" time="0.001"/>
  <testcase classname="Week4day2.LearnAttributes" name="editLead" time="0.001"/>
  <testcase classname="Week4day2.LearnAttributes" name="editLead" time="0.000"/>
  <testcase classname="Week4day2.LearnAttributes" name="editLead" time="0.004"/>
  <testcase classname="Week4day2.LearnAttributes" name="editLead" time="0.001"/>
  <testcase classname="Week4day2.LearnAttributes" name="editLead" time="0.001"/>
  <testcase classname="Week4day2.LearnAttributes" name="editLead" time="0.001"/>
  <testcase classname="Week4day2.LearnAttributes" name="editLead" time="0.001"/>
  <testcase classname="Week4day2.LearnAttributes" name="editLead" time="0.001"/>
  <testcase classname="Week4day2.LearnAttributes" name="editLead" time="0.002"/>
  <testcase classname="Week4day2.LearnAttributes" name="editLead" time="0.000"/>
  <testcase classname="Week4day2.LearnAttributes" name="editLead" time="0.001"/>
  <testcase classname="Week4day2.LearnAttributes" name="editLead" time="0.002"/>
  <testcase classname="Week4day2.LearnAttributes" name="editLead" time="0.003"/>
  <testcase classname="Week4day2.LearnAttributes" name="editLead" time="0.002"/>
  <testcase classname="Week4day2.LearnAttributes" name="editLead" time="0.001"/>
  <testcase classname="Week4day2.LearnAttributes" name="editLead" time="0.001"/>
  <testcase classname="Week4day2.LearnAttributes" name="editLead" time="0.002"/>
  <testcase classname="Week4day2.LearnAttributes" name="editLead" time="0.001"/>
  <testcase classname="Week4day2.LearnAttributes" name="editLead" time="0.001"/>
  <testcase classname="Week4day2.LearnAttributes" name="editLead" time="0.001"/>
  <testcase classname="Week4day2.LearnAttributes" name="editLead" time="0.006"/>
  <testcase classname="Week4day2.LearnAttributes" name="editLead" time="0.001"/>
  <testcase classname="Week4day2.LearnAttributes" name="editLead" time="0.001"/>
  <testcase classname="Week4day2.LearnAttributes" name="editLead" time="0.000"/>
  <testcase classname="Week4day2.LearnAttributes" name="editLead" time="0.002"/>
  <testcase classname="Week4day2.LearnAttributes" name="editLead" time="0.001"/>
  <testcase classname="Week4day2.LearnAttributes" name="editLead" time="0.002"/>
  <testcase classname="Week4day2.LearnAttributes" name="editLead" time="0.002"/>
  <testcase classname="Week4day2.LearnAttributes" name="editLead" time="0.001"/>
  <testcase classname="Week4day2.LearnAttributes" name="editLead" time="0.001"/>
  <testcase classname="Week4day2.LearnAttributes" name="editLead" time="0.000"/>
  <testcase classname="Week4day2.LearnAttributes" name="editLead" time="0.001"/>
  <testcase classname="Week4day2.LearnAttributes" name="editLead" time="0.007"/>
  <testcase classname="Week4day2.LearnAttributes" name="editLead" time="0.001"/>
  <testcase classname="Week4day2.LearnAttributes" name="editLead" time="0.000"/>
  <testcase classname="Week4day2.LearnAttributes" name="editLead" time="0.007"/>
  <testcase classname="Week4day2.LearnAttributes" name="editLead" time="0.001"/>
  <testcase classname="Week4day2.LearnAttributes" name="editLead" time="0.000"/>
  <testcase classname="Week4day2.LearnAttributes" name="editLead" time="0.001"/>
  <testcase classname="Week4day2.LearnAttributes" name="editLead" time="0.001"/>
  <testcase classname="Week4day2.LearnAttributes" name="editLead" time="0.002"/>
  <testcase classname="Week4day2.LearnAttributes" name="editLead" time="0.000"/>
  <testcase classname="Week4day2.LearnAttributes" name="editLead" time="0.001"/>
  <testcase classname="Week4day2.LearnAttributes" name="editLead" time="0.001"/>
  <testcase classname="Week4day2.LearnAttributes" name="editLead" time="0.001"/>
  <testcase classname="Week4day2.LearnAttributes" name="editLead" time="0.001"/>
  <testcase classname="Week4day2.LearnAttributes" name="editLead" time="0.000"/>
  <testcase classname="Week4day2.LearnAttributes" name="editLead" time="0.001"/>
  <testcase classname="Week4day2.LearnAttributes" name="editLead" time="0.001"/>
  <testcase classname="Week4day2.LearnAttributes" name="editLead" time="0.001"/>
  <testcase classname="Week4day2.LearnAttributes" name="editLead" time="0.001"/>
  <testcase classname="Week4day2.LearnAttributes" name="editLead" time="0.001"/>
  <testcase classname="Week4day2.LearnAttributes" name="editLead" time="0.004"/>
  <testcase classname="Week4day2.LearnAttributes" name="editLead" time="0.000"/>
  <testcase classname="Week4day2.LearnAttributes" name="editLead" time="0.002"/>
  <testcase classname="Week4day2.LearnAttributes" name="editLead" time="0.001"/>
  <testcase classname="Week4day2.LearnAttributes" name="editLead" time="0.001"/>
  <testcase classname="Week4day2.LearnAttributes" name="editLead" time="0.001"/>
  <testcase classname="Week4day2.LearnAttributes" name="editLead" time="0.001"/>
  <testcase classname="Week4day2.LearnAttributes" name="editLead" time="0.000"/>
  <testcase classname="Week4day2.LearnAttributes" name="editLead" time="0.001"/>
  <testcase classname="Week4day2.LearnAttributes" name="editLead" time="0.001"/>
  <testcase classname="Week4day2.LearnAttributes" name="editLead" time="0.001"/>
  <testcase classname="Week4day2.LearnAttributes" name="editLead" time="0.001"/>
  <testcase classname="Week4day2.LearnAttributes" name="editLead" time="0.001"/>
  <testcase classname="Week4day2.LearnAttributes" name="editLead" time="0.003"/>
  <testcase classname="Week4day2.LearnAttributes" name="editLead" time="0.001"/>
  <testcase classname="Week4day2.LearnAttributes" name="editLead" time="0.001"/>
  <testcase classname="Week4day2.LearnAttributes" name="editLead" time="0.003"/>
  <testcase classname="Week4day2.LearnAttributes" name="editLead" time="0.001"/>
  <testcase classname="Week4day2.LearnAttributes" name="editLead" time="0.000"/>
  <testcase classname="Week4day2.LearnAttributes" name="editLead" time="0.000"/>
  <testcase classname="Week4day2.LearnAttributes" name="editLead" time="0.001"/>
  <testcase classname="Week4day2.LearnAttributes" name="editLead" time="0.002"/>
  <testcase classname="Week4day2.LearnAttributes" name="editLead" time="0.002"/>
  <testcase classname="Week4day2.LearnAttributes" name="editLead" time="0.000"/>
  <testcase classname="Week4day2.LearnAttributes" name="editLead" time="0.001"/>
  <testcase classname="Week4day2.LearnAttributes" name="editLead" time="0.005"/>
  <testcase classname="Week4day2.LearnAttributes" name="editLead" time="0.000"/>
  <testcase classname="Week4day2.LearnAttributes" name="editLead" time="0.002"/>
  <testcase classname="Week4day2.LearnAttributes" name="editLead" time="0.001"/>
  <testcase classname="Week4day2.LearnAttributes" name="editLead" time="0.000"/>
  <testcase classname="Week4day2.LearnAttributes" name="editLead" time="0.001"/>
  <testcase classname="Week4day2.LearnAttributes" name="editLead" time="0.001"/>
  <testcase classname="Week4day2.LearnAttributes" name="editLead" time="0.004"/>
  <testcase classname="Week4day2.LearnAttributes" name="editLead" time="0.001"/>
  <testcase classname="Week4day2.LearnAttributes" name="editLead" time="0.001"/>
  <testcase classname="Week4day2.LearnAttributes" name="editLead" time="0.000"/>
  <testcase classname="Week4day2.LearnAttributes" name="editLead" time="0.008"/>
  <testcase classname="Week4day2.LearnAttributes" name="editLead" time="0.001"/>
  <testcase classname="Week4day2.LearnAttributes" name="editLead" time="0.001"/>
  <testcase classname="Week4day2.LearnAttributes" name="editLead" time="0.000"/>
  <testcase classname="Week4day2.LearnAttributes" name="editLead" time="0.002"/>
  <testcase classname="Week4day2.LearnAttributes" name="editLead" time="0.002"/>
  <testcase classname="Week4day2.LearnAttributes" name="editLead" time="0.002"/>
  <testcase classname="Week4day2.LearnAttributes" name="editLead" time="0.001"/>
  <testcase classname="Week4day2.LearnAttributes" name="editLead" time="0.001"/>
  <testcase classname="Week4day2.LearnAttributes" name="editLead" time="0.004"/>
  <testcase classname="Week4day2.LearnAttributes" name="editLead" time="0.002"/>
  <testcase classname="Week4day2.LearnAttributes" name="editLead" time="0.001"/>
  <testcase classname="Week4day2.LearnAttributes" name="editLead" time="0.001"/>
  <testcase classname="Week4day2.LearnAttributes" name="editLead" time="0.001"/>
  <testcase classname="Week4day2.LearnAttributes" name="editLead" time="0.001"/>
  <testcase classname="Week4day2.LearnAttributes" name="editLead" time="0.001"/>
  <testcase classname="Week4day2.LearnAttributes" name="editLead" time="0.001"/>
  <testcase classname="Week4day2.LearnAttributes" name="editLead" time="0.001"/>
  <testcase classname="Week4day2.LearnAttributes" name="editLead" time="0.002"/>
  <testcase classname="Week4day2.LearnAttributes" name="editLead" time="0.002"/>
  <testcase classname="Week4day2.LearnAttributes" name="editLead" time="0.001"/>
  <testcase classname="Week4day2.LearnAttributes" name="editLead" time="0.002"/>
  <testcase classname="Week4day2.LearnAttributes" name="editLead" time="0.001"/>
  <testcase classname="Week4day2.LearnAttributes" name="editLead" time="0.003"/>
  <testcase classname="Week4day2.LearnAttributes" name="editLead" time="0.001"/>
  <testcase classname="Week4day2.LearnAttributes" name="editLead" time="0.004"/>
  <testcase classname="Week4day2.LearnAttributes" name="editLead" time="0.001"/>
  <testcase classname="Week4day2.LearnAttributes" name="editLead" time="0.001"/>
  <testcase classname="Week4day2.LearnAttributes" name="editLead" time="0.001"/>
  <testcase classname="Week4day2.LearnAttributes" name="editLead" time="0.001"/>
  <testcase classname="Week4day2.LearnAttributes" name="editLead" time="0.003"/>
  <testcase classname="Week4day2.LearnAttributes" name="editLead" time="0.001"/>
  <testcase classname="Week4day2.LearnAttributes" name="editLead" time="0.001"/>
  <testcase classname="Week4day2.LearnAttributes" name="editLead" time="0.001"/>
  <testcase classname="Week4day2.LearnAttributes" name="editLead" time="0.006"/>
  <testcase classname="Week4day2.LearnAttributes" name="editLead" time="0.002"/>
  <testcase classname="Week4day2.LearnAttributes" name="editLead" time="0.000"/>
  <testcase classname="Week4day2.LearnAttributes" name="editLead" time="0.000"/>
  <testcase classname="Week4day2.LearnAttributes" name="editLead" time="0.005"/>
  <testcase classname="Week4day2.LearnAttributes" name="editLead" time="0.001"/>
  <testcase classname="Week4day2.LearnAttributes" name="editLead" time="0.001"/>
  <testcase classname="Week4day2.LearnAttributes" name="editLead" time="0.005"/>
  <testcase classname="Week4day2.LearnAttributes" name="editLead" time="0.002"/>
  <testcase classname="Week4day2.LearnAttributes" name="editLead" time="0.001"/>
  <testcase classname="Week4day2.LearnAttributes" name="editLead" time="0.002"/>
  <testcase classname="Week4day2.LearnAttributes" name="editLead" time="0.001"/>
  <testcase classname="Week4day2.LearnAttributes" name="editLead" time="0.002"/>
  <testcase classname="Week4day2.LearnAttributes" name="editLead" time="0.001"/>
  <testcase classname="Week4day2.LearnAttributes" name="editLead" time="0.005"/>
  <testcase classname="Week4day2.LearnAttributes" name="editLead" time="0.001"/>
  <testcase classname="Week4day2.LearnAttributes" name="editLead" time="0.003"/>
  <testcase classname="Week4day2.LearnAttributes" name="editLead" time="0.003"/>
  <testcase classname="Week4day2.LearnAttributes" name="editLead" time="0.001"/>
  <testcase classname="Week4day2.LearnAttributes" name="editLead" time="0.001"/>
  <testcase classname="Week4day2.LearnAttributes" name="editLead" time="0.001"/>
  <testcase classname="Week4day2.LearnAttributes" name="editLead" time="0.001"/>
  <testcase classname="Week4day2.LearnAttributes" name="editLead" time="0.001"/>
  <testcase classname="Week4day2.LearnAttributes" name="editLead" time="0.009"/>
  <testcase classname="Week4day2.LearnAttributes" name="editLead" time="0.001"/>
  <testcase classname="Week4day2.LearnAttributes" name="editLead" time="0.001"/>
  <testcase classname="Week4day2.LearnAttributes" name="editLead" time="0.011"/>
  <testcase classname="Week4day2.LearnAttributes" name="editLead" time="0.001"/>
  <testcase classname="Week4day2.LearnAttributes" name="editLead" time="0.002"/>
  <testcase classname="Week4day2.LearnAttributes" name="editLead" time="0.000"/>
  <testcase classname="Week4day2.LearnAttributes" name="editLead" time="0.004"/>
  <testcase classname="Week4day2.LearnAttributes" name="editLead" time="0.000"/>
  <testcase classname="Week4day2.LearnAttributes" name="editLead" time="0.001"/>
  <testcase classname="Week4day2.LearnAttributes" name="editLead" time="0.001"/>
  <testcase classname="Week4day2.LearnAttributes" name="editLead" time="0.001"/>
  <testcase classname="Week4day2.LearnAttributes" name="editLead" time="0.003"/>
  <testcase classname="Week4day2.LearnAttributes" name="editLead" time="0.002"/>
  <testcase classname="Week4day2.LearnAttributes" name="editLead" time="0.001"/>
  <testcase classname="Week4day2.LearnAttributes" name="editLead" time="0.004"/>
  <testcase classname="Week4day2.LearnAttributes" name="editLead" time="0.001"/>
  <testcase classname="Week4day2.LearnAttributes" name="editLead" time="0.001"/>
  <testcase classname="Week4day2.LearnAttributes" name="editLead" time="0.003"/>
  <testcase classname="Week4day2.LearnAttributes" name="editLead" time="0.001"/>
  <testcase classname="Week4day2.LearnAttributes" name="editLead" time="0.001"/>
  <testcase classname="Week4day2.LearnAttributes" name="editLead" time="0.001"/>
  <testcase classname="Week4day2.LearnAttributes" name="editLead" time="0.003"/>
  <testcase classname="Week4day2.LearnAttributes" name="editLead" time="0.008"/>
  <testcase classname="Week4day2.LearnAttributes" name="editLead" time="0.000"/>
  <testcase classname="Week4day2.LearnAttributes" name="editLead" time="0.001"/>
  <testcase classname="Week4day2.LearnAttributes" name="editLead" time="0.002"/>
  <testcase classname="Week4day2.LearnAttributes" name="editLead" time="0.002"/>
  <testcase classname="Week4day2.LearnAttributes" name="editLead" time="0.001"/>
  <testcase classname="Week4day2.LearnAttributes" name="editLead" time="0.006"/>
  <testcase classname="Week4day2.LearnAttributes" name="editLead" time="0.003"/>
  <testcase classname="Week4day2.LearnAttributes" name="editLead" time="0.001"/>
  <testcase classname="Week4day2.LearnAttributes" name="editLead" time="0.002"/>
  <testcase classname="Week4day2.LearnAttributes" name="editLead" time="0.001"/>
  <testcase classname="Week4day2.LearnAttributes" name="editLead" time="0.000"/>
  <testcase classname="Week4day2.LearnAttributes" name="editLead" time="0.001"/>
  <testcase classname="Week4day2.LearnAttributes" name="editLead" time="0.001"/>
  <testcase classname="Week4day2.LearnAttributes" name="editLead" time="0.001"/>
  <testcase classname="Week4day2.LearnAttributes" name="editLead" time="0.002"/>
  <testcase classname="Week4day2.LearnAttributes" name="editLead" time="0.001"/>
  <testcase classname="Week4day2.LearnAttributes" name="editLead" time="0.000"/>
  <testcase classname="Week4day2.LearnAttributes" name="editLead" time="0.001"/>
  <testcase classname="Week4day2.LearnAttributes" name="editLead" time="0.001"/>
  <testcase classname="Week4day2.LearnAttributes" name="editLead" time="0.000"/>
  <testcase classname="Week4day2.LearnAttributes" name="editLead" time="0.003"/>
  <testcase classname="Week4day2.LearnAttributes" name="editLead" time="0.001"/>
  <testcase classname="Week4day2.LearnAttributes" name="editLead" time="0.002"/>
  <testcase classname="Week4day2.LearnAttributes" name="editLead" time="0.001"/>
  <testcase classname="Week4day2.LearnAttributes" name="editLead" time="0.001"/>
  <testcase classname="Week4day2.LearnAttributes" name="editLead" time="0.002"/>
  <testcase classname="Week4day2.LearnAttributes" name="editLead" time="0.000"/>
  <testcase classname="Week4day2.LearnAttributes" name="editLead" time="0.001"/>
  <testcase classname="Week4day2.LearnAttributes" name="editLead" time="0.005"/>
  <testcase classname="Week4day2.LearnAttributes" name="editLead" time="0.001"/>
  <testcase classname="Week4day2.LearnAttributes" name="editLead" time="0.001"/>
  <testcase classname="Week4day2.LearnAttributes" name="editLead" time="0.001"/>
  <testcase classname="Week4day2.LearnAttributes" name="editLead" time="0.001"/>
  <testcase classname="Week4day2.LearnAttributes" name="editLead" time="0.001"/>
  <testcase classname="Week4day2.LearnAttributes" name="editLead" time="0.001"/>
  <testcase classname="Week4day2.LearnAttributes" name="editLead" time="0.001"/>
  <testcase classname="Week4day2.LearnAttributes" name="editLead" time="0.002"/>
  <testcase classname="Week4day2.LearnAttributes" name="editLead" time="0.001"/>
  <testcase classname="Week4day2.LearnAttributes" name="editLead" time="0.005"/>
  <testcase classname="Week4day2.LearnAttributes" name="editLead" time="0.001"/>
  <testcase classname="Week4day2.LearnAttributes" name="editLead" time="0.014"/>
  <testcase classname="Week4day2.LearnAttributes" name="editLead" time="0.000"/>
  <testcase classname="Week4day2.LearnAttributes" name="editLead" time="0.002"/>
  <testcase classname="Week4day2.LearnAttributes" name="editLead" time="0.000"/>
  <testcase classname="Week4day2.LearnAttributes" name="editLead" time="0.000"/>
  <testcase classname="Week4day2.LearnAttributes" name="editLead" time="0.001"/>
  <testcase classname="Week4day2.LearnAttributes" name="editLead" time="0.002"/>
  <testcase classname="Week4day2.LearnAttributes" name="editLead" time="0.002"/>
  <testcase classname="Week4day2.LearnAttributes" name="editLead" time="0.002"/>
  <testcase classname="Week4day2.LearnAttributes" name="editLead" time="0.001"/>
  <testcase classname="Week4day2.LearnAttributes" name="editLead" time="0.001"/>
  <testcase classname="Week4day2.LearnAttributes" name="editLead" time="0.001"/>
  <testcase classname="Week4day2.LearnAttributes" name="editLead" time="0.002"/>
  <testcase classname="Week4day2.LearnAttributes" name="editLead" time="0.001"/>
  <testcase classname="Week4day2.LearnAttributes" name="editLead" time="0.002"/>
  <testcase classname="Week4day2.LearnAttributes" name="editLead" time="0.001"/>
  <testcase classname="Week4day2.LearnAttributes" name="editLead" time="0.001"/>
  <testcase classname="Week4day2.LearnAttributes" name="editLead" time="0.001"/>
  <testcase classname="Week4day2.LearnAttributes" name="editLead" time="0.000"/>
  <testcase classname="Week4day2.LearnAttributes" name="editLead" time="0.002"/>
  <testcase classname="Week4day2.LearnAttributes" name="editLead" time="0.018"/>
  <testcase classname="Week4day2.LearnAttributes" name="editLead" time="0.002"/>
  <testcase classname="Week4day2.LearnAttributes" name="editLead" time="0.001"/>
  <testcase classname="Week4day2.LearnAttributes" name="editLead" time="0.001"/>
  <testcase classname="Week4day2.LearnAttributes" name="editLead" time="0.000"/>
  <testcase classname="Week4day2.LearnAttributes" name="editLead" time="0.003"/>
  <testcase classname="Week4day2.LearnAttributes" name="editLead" time="0.002"/>
  <testcase classname="Week4day2.LearnAttributes" name="editLead" time="0.000"/>
  <testcase classname="Week4day2.LearnAttributes" name="editLead" time="0.002"/>
  <testcase classname="Week4day2.LearnAttributes" name="editLead" time="0.002"/>
  <testcase classname="Week4day2.LearnAttributes" name="editLead" time="0.001"/>
  <testcase classname="Week4day2.LearnAttributes" name="editLead" time="0.003"/>
  <testcase classname="Week4day2.LearnAttributes" name="deleteLead" time="0.001"/>
  <testcase classname="Week4day2.LearnAttributes" name="createLead">
    <skipped/>
  </testcase> <!-- createLead -->
</testsuite> <!-- Week4day2.LearnAttributes -->
