<?xml version="1.0" encoding="UTF-8"?>
<!-- Generated by org.testng.reporters.JUnitReportReporter -->
<testsuite hostname="mubaraklpt_idc" failures="0" tests="3" name="Week4day2.LearnAnnotations" time="0.020" errors="0" timestamp="2025-04-25T13:20:37 IST" skipped="0">
  <testcase classname="Week4day2.LearnAnnotations" name="deleteLead" time="0.002"/>
  <testcase classname="Week4day2.LearnAnnotations" name="editLead" time="0.005"/>
  <testcase classname="Week4day2.LearnAnnotations" name="createLead" time="0.013"/>
</testsuite> <!-- Week4day2.LearnAnnotations -->
